<?xml version="1.0" encoding="UTF-8"?>
<testsuite xmlns:xsi="http://www.w3.org/2001/XMLSchema-instance" xsi:noNamespaceSchemaLocation="https://maven.apache.org/surefire/maven-surefire-plugin/xsd/surefire-test-report.xsd" name="com.guilherme.CitiesProcessorDemoTest" time="0.156" tests="1" errors="0" skipped="0" failures="0">
  <properties>
    <property name="sun.desktop" value="windows"/>
    <property name="awt.toolkit" value="sun.awt.windows.WToolkit"/>
    <property name="java.specification.version" value="11"/>
    <property name="sun.cpu.isalist" value="amd64"/>
    <property name="sun.jnu.encoding" value="Cp1252"/>
    <property name="java.class.path" value="C:\Users\Guilherme\Documents\Engenharia de Computação\Programação Orientada à Objetos\com Java\Prática 7\ProjCities\target\test-classes;C:\Users\Guilherme\Documents\Engenharia de Computação\Programação Orientada à Objetos\com Java\Prática 7\ProjCities\target\classes;C:\Users\Guilherme\.m2\repository\junit\junit\4.11\junit-4.11.jar;C:\Users\Guilherme\.m2\repository\org\hamcrest\hamcrest-core\1.3\hamcrest-core-1.3.jar;"/>
    <property name="java.vm.vendor" value="Oracle Corporation"/>
    <property name="sun.arch.data.model" value="64"/>
    <property name="user.variant" value=""/>
    <property name="java.vendor.url" value="http://java.oracle.com/"/>
    <property name="user.timezone" value="America/Sao_Paulo"/>
    <property name="java.vm.specification.version" value="11"/>
    <property name="os.name" value="Windows 10"/>
    <property name="sun.java.launcher" value="SUN_STANDARD"/>
    <property name="user.country" value="BR"/>
    <property name="sun.boot.library.path" value="C:\Program Files\Java\jdk-11.0.4\bin"/>
    <property name="sun.java.command" value="C:\Users\GUILHE~1\AppData\Local\Temp\surefire15622955428677145279\surefirebooter7690390074347285169.jar C:\Users\Guilherme\AppData\Local\Temp\surefire15622955428677145279 2019-10-29T23-27-52_114-jvmRun1 surefire2354373528148819651tmp surefire_016326544702451812886tmp"/>
    <property name="jdk.debug" value="release"/>
    <property name="surefire.test.class.path" value="C:\Users\Guilherme\Documents\Engenharia de Computação\Programação Orientada à Objetos\com Java\Prática 7\ProjCities\target\test-classes;C:\Users\Guilherme\Documents\Engenharia de Computação\Programação Orientada à Objetos\com Java\Prática 7\ProjCities\target\classes;C:\Users\Guilherme\.m2\repository\junit\junit\4.11\junit-4.11.jar;C:\Users\Guilherme\.m2\repository\org\hamcrest\hamcrest-core\1.3\hamcrest-core-1.3.jar;"/>
    <property name="sun.cpu.endian" value="little"/>
    <property name="user.home" value="C:\Users\Guilherme"/>
    <property name="user.language" value="pt"/>
    <property name="java.specification.vendor" value="Oracle Corporation"/>
    <property name="java.version.date" value="2019-07-16"/>
    <property name="java.home" value="C:\Program Files\Java\jdk-11.0.4"/>
    <property name="file.separator" value="\"/>
    <property name="basedir" value="C:\Users\Guilherme\Documents\Engenharia de Computação\Programação Orientada à Objetos\com Java\Prática 7\ProjCities"/>
    <property name="java.vm.compressedOopsMode" value="32-bit"/>
    <property name="line.separator" value="&#10;"/>
    <property name="idea.version2019.2.3" value="true"/>
    <property name="java.specification.name" value="Java Platform API Specification"/>
    <property name="java.vm.specification.vendor" value="Oracle Corporation"/>
    <property name="java.awt.graphicsenv" value="sun.awt.Win32GraphicsEnvironment"/>
    <property name="surefire.real.class.path" value="C:\Users\GUILHE~1\AppData\Local\Temp\surefire15622955428677145279\surefirebooter7690390074347285169.jar"/>
    <property name="user.script" value=""/>
    <property name="sun.management.compiler" value="HotSpot 64-Bit Tiered Compilers"/>
    <property name="java.runtime.version" value="11.0.4+10-LTS"/>
    <property name="user.name" value="Guilherme"/>
    <property name="path.separator" value=";"/>
    <property name="os.version" value="10.0"/>
    <property name="java.runtime.name" value="Java(TM) SE Runtime Environment"/>
    <property name="file.encoding" value="Cp1252"/>
    <property name="java.vm.name" value="Java HotSpot(TM) 64-Bit Server VM"/>
    <property name="java.vendor.version" value="18.9"/>
    <property name="localRepository" value="C:\Users\Guilherme\.m2\repository"/>
    <property name="java.vendor.url.bug" value="http://bugreport.java.com/bugreport/"/>
    <property name="java.io.tmpdir" value="C:\Users\GUILHE~1\AppData\Local\Temp\"/>
    <property name="java.version" value="11.0.4"/>
    <property name="user.dir" value="C:\Users\Guilherme\Documents\Engenharia de Computação\Programação Orientada à Objetos\com Java\Prática 7\ProjCities"/>
    <property name="os.arch" value="amd64"/>
    <property name="java.vm.specification.name" value="Java Virtual Machine Specification"/>
    <property name="java.awt.printerjob" value="sun.awt.windows.WPrinterJob"/>
    <property name="sun.os.patch.level" value=""/>
    <property name="java.library.path" value="C:\Program Files\Java\jdk-11.0.4\bin;C:\WINDOWS\Sun\Java\bin;C:\WINDOWS\system32;C:\WINDOWS;C:\Program Files\Haskell\bin;C:\Program Files\Haskell Platform\8.6.5\lib\extralibs\bin;C:\Program Files\Haskell Platform\8.6.5\bin;C:\Program Files (x86)\NVIDIA Corporation\PhysX\Common;C:\WINDOWS\system32;C:\WINDOWS;C:\WINDOWS\System32\Wbem;C:\WINDOWS\System32\WindowsPowerShell\v1.0\;C:\WINDOWS\System32\OpenSSH\;C:\MinGW\bin;C:\Program Files\apache-maven-3.6.0\bin;C:\Program Files\Java\jdk-11.0.2\bin;C:\Program Files\nodejs\;C:\Program Files\dotnet\;C:\Program Files\Haskell Platform\8.6.5\mingw\bin;C:\Go\bin;C:\FPC\3.0.4\bin\i386-Win32;C:\Program Files (x86)\scala\bin;C:\Program Files (x86)\Yarn\bin\;C:\Program Files\Git\cmd;C:\Ruby25-x64\bin;C:\Users\Guilherme\AppData\Roaming\OCamlPro\OCPWin\wrappers;C:\Users\Guilherme\AppData\Roaming\OCamlPro\OCPWin\4.01.0+ocp1-full-mingw64-20160113\bin;C:\Users\Guilherme\AppData\Roaming\cabal\bin;C:\Users\Guilherme\AppData\Roaming\local\bin;C:\Users\Guilherme\AppData\Local\Microsoft\WindowsApps;C:\Users\Guilherme\AppData\Local\Programs\Microsoft VS Code\bin;C:\MinGW\bin;C:\Program Files\apache-maven-3.6.0\bin;C:\Users\Guilherme\AppData\Local\Programs\MiKTeX 2.9\miktex\bin\x64\;C:\Users\Guilherme\Anaconda3;C:\Users\Guilherme\Anaconda3\Scripts;C:\Users\Guilherme\AppData\Roaming\npm;C:\Users\Guilherme\AppData\Local\Android\Sdk\platform-tools;C:\Users\Guilherme\AppData\Local\Android\Sdk\tools;C:\Users\Guilherme\AppData\Local\Android\Sdk\tools\bin;C:\Users\Guilherme\.dotnet\tools;C:\Windows\Microsoft.NET\Framework\v4.0.30319;C:\Lua;C:\Users\Guilherme\go\bin;C:\kotlinc\bin;C:\Users\Guilherme\AppData\Local\Yarn\bin;C:\Program Files\JetBrains\DataGrip 2019.1.4\bin;;C:\Program Files\JetBrains\GoLand 2019.1.3\bin;;C:\Program Files\JetBrains\PhpStorm 2019.1.3\bin;;C:\Program Files\JetBrains\RubyMine 2019.1.3\bin;;C:\Program Files\JetBrains\IntelliJ IDEA 2019.2\bin;;C:\cmder;C:\Program Files\Java\jdk-11.0.4\bin;;C:\Users\Guilherme\AppData\Local\Microsoft\WindowsApps;."/>
    <property name="java.vendor" value="Oracle Corporation"/>
    <property name="java.vm.info" value="mixed mode"/>
    <property name="java.vm.version" value="11.0.4+10-LTS"/>
    <property name="sun.io.unicode.encoding" value="UnicodeLittle"/>
    <property name="java.class.version" value="55.0"/>
  </properties>
  <testcase name="shouldAnswerWithTrue" classname="com.guilherme.CitiesProcessorDemoTest" time="0"/>
</testsuite>